<?xml version="1.0" encoding="UTF-8"?>
<!-- Generated by org.testng.reporters.JUnitXMLReporter -->
<testsuite ignored="0" hostname="MIIND51N15S2" failures="0" tests="3" name="Test" time="78.254" errors="0" timestamp="2022-01-08T14:39:19 IST">
  <testcase classname="testNGDemo.GoogleTest" name="googleTitleTest" time="1.619"/>
  <testcase classname="testNGDemo.ParallelTestWithMultiThread" name="testOnChromeWithBrowserStackSignUp" time="50.786"/>
  <testcase classname="testNGDemo.ParallelTestWithMultiThread" name="testOnChromeWithBrowserStackUrl" time="26.278"/>
</testsuite> <!-- Test -->
